C:\USERS\PMR2\DESKTOP\GAMEAI\GAMEAI\GAMEAI\DEBUG\COLLISIONS.OBJ
C:\USERS\PMR2\DESKTOP\GAMEAI\GAMEAI\GAMEAI\DEBUG\CONTROLLEDTANK.OBJ
C:\USERS\PMR2\DESKTOP\GAMEAI\GAMEAI\GAMEAI\DEBUG\GAMEOBJECT.OBJ
C:\USERS\PMR2\DESKTOP\GAMEAI\GAMEAI\GAMEAI\DEBUG\GAMESCREEN.OBJ
C:\USERS\PMR2\DESKTOP\GAMEAI\GAMEAI\GAMEAI\DEBUG\GAMESCREENLEVEL1.OBJ
C:\USERS\PMR2\DESKTOP\GAMEAI\GAMEAI\GAMEAI\DEBUG\GAMESCREENMANAGER.OBJ
C:\USERS\PMR2\DESKTOP\GAMEAI\GAMEAI\GAMEAI\DEBUG\LEVELMAP.OBJ
C:\USERS\PMR2\DESKTOP\GAMEAI\GAMEAI\GAMEAI\DEBUG\OBSTACLEMANAGER.OBJ
C:\USERS\PMR2\DESKTOP\GAMEAI\GAMEAI\GAMEAI\DEBUG\PICKUPMANAGER.OBJ
C:\USERS\PMR2\DESKTOP\GAMEAI\GAMEAI\GAMEAI\DEBUG\PROJECTILE.OBJ
C:\USERS\PMR2\DESKTOP\GAMEAI\GAMEAI\GAMEAI\DEBUG\PROJECTILEMANAGER.OBJ
C:\USERS\PMR2\DESKTOP\GAMEAI\GAMEAI\GAMEAI\DEBUG\SOURCE.OBJ
C:\USERS\PMR2\DESKTOP\GAMEAI\GAMEAI\GAMEAI\DEBUG\TEXTURE2D.OBJ
C:\USERS\PMR2\DESKTOP\GAMEAI\GAMEAI\GAMEAI\DEBUG\TINYSTR.OBJ
C:\USERS\PMR2\DESKTOP\GAMEAI\GAMEAI\GAMEAI\DEBUG\TINYXML.OBJ
C:\USERS\PMR2\DESKTOP\GAMEAI\GAMEAI\GAMEAI\DEBUG\TINYXMLERROR.OBJ
C:\USERS\PMR2\DESKTOP\GAMEAI\GAMEAI\GAMEAI\DEBUG\TINYXMLPARSER.OBJ
C:\USERS\PMR2\DESKTOP\GAMEAI\GAMEAI\GAMEAI\DEBUG\WAYPOINT.OBJ
C:\USERS\PMR2\DESKTOP\GAMEAI\GAMEAI\GAMEAI\DEBUG\WAYPOINTMANAGER.OBJ
C:\USERS\PMR2\DESKTOP\GAMEAI\GAMEAI\GAMEAI\DEBUG\BASETANK.OBJ
C:\USERS\PMR2\DESKTOP\GAMEAI\GAMEAI\GAMEAI\DEBUG\VC110.PDB
C:\USERS\PMR2\DESKTOP\GAMEAI\GAMEAI\GAMEAI\DEBUG\TANKMANAGER.OBJ
C:\USERS\PMR2\DESKTOP\GAMEAI\GAMEAI\DEBUG\GAMEAI.ILK
C:\USERS\PMR2\DESKTOP\GAMEAI\GAMEAI\DEBUG\GAMEAI.EXE
C:\USERS\PMR2\DESKTOP\GAMEAI\GAMEAI\DEBUG\GAMEAI.PDB
C:\Users\pmr2\Desktop\GameAI\GameAI\GameAI\Debug\AiTank.obj
C:\Users\pmr2\Desktop\GameAI\GameAI\GameAI\Debug\AITank12010423.obj
C:\Users\pmr2\Desktop\GameAI\GameAI\GameAI\Debug\AStarNode_k013625c.obj
C:\Users\pmr2\Desktop\GameAI\GameAI\GameAI\Debug\AttackEnemy_12008455.obj
C:\Users\pmr2\Desktop\GameAI\GameAI\GameAI\Debug\AvoidEnemy_12008455.obj
C:\Users\pmr2\Desktop\GameAI\GameAI\GameAI\Debug\BaseTank.obj
C:\Users\pmr2\Desktop\GameAI\GameAI\GameAI\Debug\Behavior12010423.obj
C:\Users\pmr2\Desktop\GameAI\GameAI\GameAI\Debug\CollectPickup_12008455.obj
C:\Users\pmr2\Desktop\GameAI\GameAI\GameAI\Debug\Collisions.obj
C:\Users\pmr2\Desktop\GameAI\GameAI\GameAI\Debug\ControlledTank.obj
C:\Users\pmr2\Desktop\GameAI\GameAI\GameAI\Debug\DumbTank.obj
C:\Users\pmr2\Desktop\GameAI\GameAI\GameAI\Debug\EdgeCost_k013625c.obj
C:\Users\pmr2\Desktop\GameAI\GameAI\GameAI\Debug\FSM12031789.obj
C:\Users\pmr2\Desktop\GameAI\GameAI\GameAI\Debug\FuzzyStateMachine_12008455.obj
C:\Users\pmr2\Desktop\GameAI\GameAI\GameAI\Debug\GameObject.obj
C:\Users\pmr2\Desktop\GameAI\GameAI\GameAI\Debug\GameScreen.obj
C:\Users\pmr2\Desktop\GameAI\GameAI\GameAI\Debug\GameScreenLevel1.obj
C:\Users\pmr2\Desktop\GameAI\GameAI\GameAI\Debug\GameScreenManager.obj
C:\Users\pmr2\Desktop\GameAI\GameAI\GameAI\Debug\Hunt_12008455.obj
C:\Users\pmr2\Desktop\GameAI\GameAI\GameAI\Debug\LevelMap.obj
C:\Users\pmr2\Desktop\GameAI\GameAI\GameAI\Debug\m017310b_AStarPathFinder.obj
C:\Users\pmr2\Desktop\GameAI\GameAI\GameAI\Debug\MegaTank11027634.obj
C:\Users\pmr2\Desktop\GameAI\GameAI\GameAI\Debug\o013580c.obj
C:\Users\pmr2\Desktop\GameAI\GameAI\GameAI\Debug\ObstacleManager.obj
C:\Users\pmr2\Desktop\GameAI\GameAI\GameAI\Debug\PathFinder.obj
C:\Users\pmr2\Desktop\GameAI\GameAI\GameAI\Debug\Pathfinder12010423.obj
C:\Users\pmr2\Desktop\GameAI\GameAI\GameAI\Debug\PathFinder_d016899c.obj
C:\Users\pmr2\Desktop\GameAI\GameAI\GameAI\Debug\PathFinder_k013625c.obj
C:\Users\pmr2\Desktop\GameAI\GameAI\GameAI\Debug\PathFinder_r026405b.obj
C:\Users\pmr2\Desktop\GameAI\GameAI\GameAI\Debug\PathFinder_s015563c.obj
C:\Users\pmr2\Desktop\GameAI\GameAI\GameAI\Debug\Pathfinding12031789.obj
C:\Users\pmr2\Desktop\GameAI\GameAI\GameAI\Debug\PathFinding_b015194b.obj
C:\Users\pmr2\Desktop\GameAI\GameAI\GameAI\Debug\PathFinding_o014892c.obj
C:\Users\pmr2\Desktop\GameAI\GameAI\GameAI\Debug\PickUpManager.obj
C:\Users\pmr2\Desktop\GameAI\GameAI\GameAI\Debug\Projectile.obj
C:\Users\pmr2\Desktop\GameAI\GameAI\GameAI\Debug\ProjectileManager.obj
C:\Users\pmr2\Desktop\GameAI\GameAI\GameAI\Debug\Source.obj
C:\Users\pmr2\Desktop\GameAI\GameAI\GameAI\Debug\SteeringBehaviour12031789.obj
C:\Users\pmr2\Desktop\GameAI\GameAI\GameAI\Debug\SteeringBehaviours.obj
C:\Users\pmr2\Desktop\GameAI\GameAI\GameAI\Debug\SteeringBehaviours11027634.obj
C:\Users\pmr2\Desktop\GameAI\GameAI\GameAI\Debug\Tank12021876.obj
C:\Users\pmr2\Desktop\GameAI\GameAI\GameAI\Debug\Tank12025603.obj
C:\Users\pmr2\Desktop\GameAI\GameAI\GameAI\Debug\Tank12031789.obj
C:\Users\pmr2\Desktop\GameAI\GameAI\GameAI\Debug\Tankl013531c.obj
C:\Users\pmr2\Desktop\GameAI\GameAI\GameAI\Debug\TankManager.obj
C:\Users\pmr2\Desktop\GameAI\GameAI\GameAI\Debug\Tank_12006189c.obj
C:\Users\pmr2\Desktop\GameAI\GameAI\GameAI\Debug\Tank_12008455.obj
C:\Users\pmr2\Desktop\GameAI\GameAI\GameAI\Debug\Tank_b015194b.obj
C:\Users\pmr2\Desktop\GameAI\GameAI\GameAI\Debug\Tank_b017444c.obj
C:\Users\pmr2\Desktop\GameAI\GameAI\GameAI\Debug\Tank_c007841c.obj
C:\Users\pmr2\Desktop\GameAI\GameAI\GameAI\Debug\Tank_d016899c.obj
C:\Users\pmr2\Desktop\GameAI\GameAI\GameAI\Debug\Tank_e030421b.obj
C:\Users\pmr2\Desktop\GameAI\GameAI\GameAI\Debug\Tank_k013625c.obj
C:\Users\pmr2\Desktop\GameAI\GameAI\GameAI\Debug\Tank_l014269c.obj
C:\Users\pmr2\Desktop\GameAI\GameAI\GameAI\Debug\Tank_m017310b.obj
C:\Users\pmr2\Desktop\GameAI\GameAI\GameAI\Debug\Tank_o014892c.obj
C:\Users\pmr2\Desktop\GameAI\GameAI\GameAI\Debug\Tank_r026405b.obj
C:\Users\pmr2\Desktop\GameAI\GameAI\GameAI\Debug\Tank_s015563c.obj
C:\Users\pmr2\Desktop\GameAI\GameAI\GameAI\Debug\Texture2D.obj
C:\Users\pmr2\Desktop\GameAI\GameAI\GameAI\Debug\tinystr.obj
C:\Users\pmr2\Desktop\GameAI\GameAI\GameAI\Debug\tinyxml.obj
C:\Users\pmr2\Desktop\GameAI\GameAI\GameAI\Debug\tinyxmlerror.obj
C:\Users\pmr2\Desktop\GameAI\GameAI\GameAI\Debug\tinyxmlparser.obj
C:\Users\pmr2\Desktop\GameAI\GameAI\GameAI\Debug\Waypoint.obj
C:\Users\pmr2\Desktop\GameAI\GameAI\GameAI\Debug\WaypointManager.obj
C:\Users\pmr2\Desktop\GameAI\GameAI\GameAI\Debug\cl.command.1.tlog
C:\Users\pmr2\Desktop\GameAI\GameAI\GameAI\Debug\CL.read.1.tlog
C:\Users\pmr2\Desktop\GameAI\GameAI\GameAI\Debug\CL.write.1.tlog
C:\Users\pmr2\Desktop\GameAI\GameAI\GameAI\Debug\link-cvtres.read.1.tlog
C:\Users\pmr2\Desktop\GameAI\GameAI\GameAI\Debug\link-cvtres.write.1.tlog
C:\Users\pmr2\Desktop\GameAI\GameAI\GameAI\Debug\link-rc.read.1.tlog
C:\Users\pmr2\Desktop\GameAI\GameAI\GameAI\Debug\link-rc.write.1.tlog
C:\Users\pmr2\Desktop\GameAI\GameAI\GameAI\Debug\link.5480-cvtres.read.1.tlog
C:\Users\pmr2\Desktop\GameAI\GameAI\GameAI\Debug\link.5480-cvtres.write.1.tlog
C:\Users\pmr2\Desktop\GameAI\GameAI\GameAI\Debug\link.5480-rc.read.1.tlog
C:\Users\pmr2\Desktop\GameAI\GameAI\GameAI\Debug\link.5480-rc.write.1.tlog
C:\Users\pmr2\Desktop\GameAI\GameAI\GameAI\Debug\link.5480.read.1.tlog
C:\Users\pmr2\Desktop\GameAI\GameAI\GameAI\Debug\link.5480.write.1.tlog
C:\Users\pmr2\Desktop\GameAI\GameAI\GameAI\Debug\link.6320-cvtres.read.1.tlog
C:\Users\pmr2\Desktop\GameAI\GameAI\GameAI\Debug\link.6320-cvtres.write.1.tlog
C:\Users\pmr2\Desktop\GameAI\GameAI\GameAI\Debug\link.6320-rc.read.1.tlog
C:\Users\pmr2\Desktop\GameAI\GameAI\GameAI\Debug\link.6320-rc.write.1.tlog
C:\Users\pmr2\Desktop\GameAI\GameAI\GameAI\Debug\link.6320.read.1.tlog
C:\Users\pmr2\Desktop\GameAI\GameAI\GameAI\Debug\link.6320.write.1.tlog
C:\Users\pmr2\Desktop\GameAI\GameAI\GameAI\Debug\link.7080-cvtres.read.1.tlog
C:\Users\pmr2\Desktop\GameAI\GameAI\GameAI\Debug\link.7080-cvtres.write.1.tlog
C:\Users\pmr2\Desktop\GameAI\GameAI\GameAI\Debug\link.7080-rc.read.1.tlog
C:\Users\pmr2\Desktop\GameAI\GameAI\GameAI\Debug\link.7080-rc.write.1.tlog
C:\Users\pmr2\Desktop\GameAI\GameAI\GameAI\Debug\link.7080.read.1.tlog
C:\Users\pmr2\Desktop\GameAI\GameAI\GameAI\Debug\link.7080.write.1.tlog
C:\Users\pmr2\Desktop\GameAI\GameAI\GameAI\Debug\link.7888-cvtres.read.1.tlog
C:\Users\pmr2\Desktop\GameAI\GameAI\GameAI\Debug\link.7888-cvtres.write.1.tlog
C:\Users\pmr2\Desktop\GameAI\GameAI\GameAI\Debug\link.7888-rc.read.1.tlog
C:\Users\pmr2\Desktop\GameAI\GameAI\GameAI\Debug\link.7888-rc.write.1.tlog
C:\Users\pmr2\Desktop\GameAI\GameAI\GameAI\Debug\link.7888.read.1.tlog
C:\Users\pmr2\Desktop\GameAI\GameAI\GameAI\Debug\link.7888.write.1.tlog
C:\Users\pmr2\Desktop\GameAI\GameAI\GameAI\Debug\link.7928-cvtres.read.1.tlog
C:\Users\pmr2\Desktop\GameAI\GameAI\GameAI\Debug\link.7928-cvtres.write.1.tlog
C:\Users\pmr2\Desktop\GameAI\GameAI\GameAI\Debug\link.7928-rc.read.1.tlog
C:\Users\pmr2\Desktop\GameAI\GameAI\GameAI\Debug\link.7928-rc.write.1.tlog
C:\Users\pmr2\Desktop\GameAI\GameAI\GameAI\Debug\link.7928.read.1.tlog
C:\Users\pmr2\Desktop\GameAI\GameAI\GameAI\Debug\link.7928.write.1.tlog
C:\Users\pmr2\Desktop\GameAI\GameAI\GameAI\Debug\link.9040-cvtres.read.1.tlog
C:\Users\pmr2\Desktop\GameAI\GameAI\GameAI\Debug\link.9040-cvtres.write.1.tlog
C:\Users\pmr2\Desktop\GameAI\GameAI\GameAI\Debug\link.9040-rc.read.1.tlog
C:\Users\pmr2\Desktop\GameAI\GameAI\GameAI\Debug\link.9040-rc.write.1.tlog
C:\Users\pmr2\Desktop\GameAI\GameAI\GameAI\Debug\link.9040.read.1.tlog
C:\Users\pmr2\Desktop\GameAI\GameAI\GameAI\Debug\link.9040.write.1.tlog
C:\Users\pmr2\Desktop\GameAI\GameAI\GameAI\Debug\link.9136-cvtres.read.1.tlog
C:\Users\pmr2\Desktop\GameAI\GameAI\GameAI\Debug\link.9136-cvtres.write.1.tlog
C:\Users\pmr2\Desktop\GameAI\GameAI\GameAI\Debug\link.9136-rc.read.1.tlog
C:\Users\pmr2\Desktop\GameAI\GameAI\GameAI\Debug\link.9136-rc.write.1.tlog
C:\Users\pmr2\Desktop\GameAI\GameAI\GameAI\Debug\link.9136.read.1.tlog
C:\Users\pmr2\Desktop\GameAI\GameAI\GameAI\Debug\link.9136.write.1.tlog
C:\Users\pmr2\Desktop\GameAI\GameAI\GameAI\Debug\link.command.1.tlog
C:\Users\pmr2\Desktop\GameAI\GameAI\GameAI\Debug\link.read.1.tlog
C:\Users\pmr2\Desktop\GameAI\GameAI\GameAI\Debug\link.write.1.tlog
C:\Users\pmr2\Desktop\GameAI\GameAI\GameAI\Debug\vc110.idb
C:\Users\pmr2\Desktop\GameAI\GameAI\GameAI\Debug\vc120.idb
C:\Users\pmr2\Desktop\GameAI\GameAI\GameAI\Debug\vc110.pdb
C:\Users\pmr2\Desktop\GameAI\GameAI\GameAI\Debug\vc120.pdb
C:\Users\pmr2\Desktop\GameAI\GameAI\Debug\GameAI.pdb
C:\Users\pmr2\Desktop\GameAI\GameAI\Debug\GameAI.exe
C:\Users\pmr2\Desktop\GameAI\GameAI\Debug\GameAI.ilk
