Build started 13/02/2017 10:54:54.
     1>Project "E:\Uni 2nd Year\FGGC\Sem 2\FGGC Framework Semester 2\DX11 Framework.vcxproj" on node 2 (Build target(s)).
     1>ClCompile:
         C:\Program Files (x86)\Microsoft Visual Studio 12.0\VC\bin\CL.exe /c /I"E:\Uni 2nd Year\FGGC\Sem 2\FGGC Framework Semester 2\DirectXTK\Inc" /ZI /nologo /W4 /WX- /Od /Oi /Oy- /D WIN32 /D _DEBUG /D DEBUG /D PROFILE /D _WINDOWS /D _WIN32_WINNT=0x0600 /D _UNICODE /D UNICODE /Gm- /EHsc /RTC1 /MDd /GS /arch:SSE2 /fp:fast /Zc:wchar_t /Zc:forScope /openmp- /Fo"Debug\\" /Fd"Debug\vc120.pdb" /Gd /TP /analyze- /errorReport:prompt  GameObject.cpp Vector3.cpp
         GameObject.cpp
     1>e:\uni 2nd year\fggc\sem 2\fggc framework semester 2\gameobject.cpp(12): warning C4100: 'elapsedTime' : unreferenced formal parameter
         Vector3.cpp
         Generating Code...
       Link:
         C:\Program Files (x86)\Microsoft Visual Studio 12.0\VC\bin\link.exe /ERRORREPORT:PROMPT /OUT:"E:\Uni 2nd Year\FGGC\Sem 2\FGGC Framework Semester 2\Debug\DX11 Framework.exe" /INCREMENTAL /NOLOGO d2d1.lib d3d11.lib d3dcompiler.lib dxguid.lib winmm.lib comctl32.lib kernel32.lib user32.lib gdi32.lib winspool.lib comdlg32.lib advapi32.lib shell32.lib ole32.lib oleaut32.lib uuid.lib odbc32.lib odbccp32.lib /MANIFEST /MANIFESTUAC:"level='asInvoker' uiAccess='false'" /manifest:embed /manifestinput:"C:\Program Files (x86)\Microsoft Visual Studio 12.0\VC\Include\Manifest\dpiaware.manifest" /DEBUG /PDB:"E:\Uni 2nd Year\FGGC\Sem 2\FGGC Framework Semester 2\Debug\DX11 Framework.pdb" /SUBSYSTEM:WINDOWS /LARGEADDRESSAWARE /TLBID:1 /DYNAMICBASE /NXCOMPAT /IMPLIB:"E:\Uni 2nd Year\FGGC\Sem 2\FGGC Framework Semester 2\Debug\DX11 Framework.lib" /MACHINE:X86 /SAFESEH  "Debug\DX11 Framework.res"
         Debug\Appearance.obj
         Debug\Application.obj
         Debug\Camera.obj
         Debug\DDSTextureLoader.obj
         Debug\Main.obj
         Debug\GameObject.obj
         Debug\ParticleModel.obj
         Debug\Transform.obj
         Debug\Vector3.obj
         DX11 Framework.vcxproj -> E:\Uni 2nd Year\FGGC\Sem 2\FGGC Framework Semester 2\Debug\DX11 Framework.exe
     1>Done Building Project "E:\Uni 2nd Year\FGGC\Sem 2\FGGC Framework Semester 2\DX11 Framework.vcxproj" (Build target(s)).

Build succeeded.

Time Elapsed 00:01:06.80
